<?xml version="1.0" encoding="UTF-8"?>
<testsuite xmlns:xsi="http://www.w3.org/2001/XMLSchema-instance" xsi:noNamespaceSchemaLocation="https://maven.apache.org/surefire/maven-surefire-plugin/xsd/surefire-test-report-3.0.xsd" version="3.0" name="com.example.StudentAnalyzerTest" time="0.062" tests="6" errors="0" skipped="0" failures="0">
  <properties>
[...]
</properties>
  <testcase name="testCountExcellentStudents_Mixed" classname="com.example.StudentAnalyzerTest" time="0.029"/>
  <testcase name="testCountExcellentStudents_EmptyOrEdge" classname="com.example.StudentAnalyzerTest" time="0.003"/>
  <testcase name="testCalculateValidAverage_Mixed" classname="com.example.StudentAnalyzerTest" time="0.002"/>
  <testcase name="testCountExcellentStudents_AllValid" classname="com.example.StudentAnalyzerTest" time="0.001"/>
  <testcase name="testCalculateValidAverage_NoValid" classname="com.example.StudentAnalyzerTest" time="0"/>
  <testcase name="testCalculateValidAverage_AllValidAndEdge" classname="com.example.StudentAnalyzerTest" time="0"/>
</testsuite>